<?xml version="1.0" encoding="UTF-8"?>
<!-- Generated by org.testng.reporters.JUnitXMLReporter -->
<testsuite ignored="0" hostname="Hafsa" failures="0" tests="3" name="Error Validation Test" time="26.394" errors="0" timestamp="2026-08-08T11:08:05 IST">
  <testcase classname="companyName.tests.ErrorValidationTest" name="loginErrorValidation" time="0.577">
    <skipped/>
  </testcase> <!-- loginErrorValidation -->
  <testcase classname="companyName.tests.ErrorValidationTest" name="loginErrorValidation" time="0.546"/>
  <testcase classname="companyName.tests.ErrorValidationTest" name="productCartErrorValidation" time="2.754"/>
</testsuite> <!-- Error Validation Test -->
