<?xml version="1.0" encoding="UTF-8"?>
<!-- Generated by org.testng.reporters.JUnitXMLReporter -->
<testsuite ignored="0" hostname="Hafsa" failures="0" tests="2" name="Error Validation Test" time="22.034" errors="0" timestamp="2026-08-08T15:19:49 IST">
  <testcase classname="companyName.tests.ErrorValidationTest" name="loginErrorValidation" time="0.701"/>
  <testcase classname="companyName.tests.ErrorValidationTest" name="productCartErrorValidation" time="10.244"/>
</testsuite> <!-- Error Validation Test -->
