<?xml version="1.0" encoding="UTF-8"?>
<!-- Generated by org.testng.reporters.JUnitXMLReporter -->
<testsuite ignored="0" hostname="Hafsa" failures="0" tests="4" name="Submit Order Test" time="59.353" errors="0" timestamp="2026-08-08T10:45:27 IST">
  <testcase classname="companyName.tests.SubmitOrderTest" name="SubmitOrder" time="6.28"/>
  <testcase classname="companyName.tests.SubmitOrderTest" name="SubmitOrder" time="5.692"/>
  <testcase classname="companyName.tests.SubmitOrderTest" name="orderHistoryValidation" time="1.782"/>
  <testcase classname="companyName.tests.SubmitOrderTest" name="orderHistoryValidation" time="1.401"/>
</testsuite> <!-- Submit Order Test -->
