<?xml version="1.0" encoding="UTF-8"?>
<!-- Generated by org.testng.reporters.JUnitXMLReporter -->
<testsuite ignored="0" hostname="Hafsa" failures="0" tests="4" name="Submit Order Test" time="40.089" errors="0" timestamp="2026-08-08T10:57:37 IST">
  <testcase classname="companyName.tests.SubmitOrderTest" name="SubmitOrder" time="8.469"/>
  <testcase classname="companyName.tests.SubmitOrderTest" name="SubmitOrder" time="4.356"/>
  <testcase classname="companyName.tests.SubmitOrderTest" name="orderHistoryValidation" time="1.391"/>
  <testcase classname="companyName.tests.SubmitOrderTest" name="orderHistoryValidation" time="3.367"/>
</testsuite> <!-- Submit Order Test -->
