<?xml version="1.0" encoding="UTF-8"?>
<testng-results ignored="0" total="2" passed="2" failed="0" skipped="0">
  <reporter-output>
  </reporter-output>
  <suite started-at="2026-08-08T10:58:55 IST" name="Suite" finished-at="2026-08-08T10:59:10 IST" duration-ms="14542">
    <groups>
      <group name="Error Handling">
        <method signature="ErrorValidationTest.loginErrorValidation()[pri:0, instance:companyName.tests.ErrorValidationTest@4d0d9fe7]" name="loginErrorValidation" class="companyName.tests.ErrorValidationTest"/>
      </group> <!-- Error Handling -->
    </groups>
    <test started-at="2026-08-08T10:58:55 IST" name="Error Validation Test" finished-at="2026-08-08T10:59:10 IST" duration-ms="14542">
      <class name="companyName.tests.ErrorValidationTest">
        <test-method is-config="true" signature="launchApplication()[pri:0, instance:companyName.tests.ErrorValidationTest@4d0d9fe7]" started-at="2026-08-08T10:58:55 IST" name="launchApplication" finished-at="2026-08-08T10:59:02 IST" duration-ms="6671" status="PASS">
          <reporter-output>
          </reporter-output>
        </test-method> <!-- launchApplication -->
        <test-method signature="loginErrorValidation()[pri:0, instance:companyName.tests.ErrorValidationTest@4d0d9fe7]" started-at="2026-08-08T10:59:02 IST" name="loginErrorValidation" finished-at="2026-08-08T10:59:03 IST" duration-ms="603" status="PASS">
          <reporter-output>
          </reporter-output>
        </test-method> <!-- loginErrorValidation -->
        <test-method is-config="true" signature="destroy()[pri:0, instance:companyName.tests.ErrorValidationTest@4d0d9fe7]" started-at="2026-08-08T10:59:03 IST" name="destroy" finished-at="2026-08-08T10:59:03 IST" duration-ms="339" status="PASS">
          <reporter-output>
          </reporter-output>
        </test-method> <!-- destroy -->
        <test-method is-config="true" signature="launchApplication()[pri:0, instance:companyName.tests.ErrorValidationTest@4d0d9fe7]" started-at="2026-08-08T10:59:03 IST" name="launchApplication" finished-at="2026-08-08T10:59:07 IST" duration-ms="4005" status="PASS">
          <reporter-output>
          </reporter-output>
        </test-method> <!-- launchApplication -->
        <test-method signature="productCartErrorValidation()[pri:0, instance:companyName.tests.ErrorValidationTest@4d0d9fe7]" started-at="2026-08-08T10:59:07 IST" name="productCartErrorValidation" finished-at="2026-08-08T10:59:09 IST" duration-ms="2316" status="PASS">
          <reporter-output>
          </reporter-output>
        </test-method> <!-- productCartErrorValidation -->
        <test-method is-config="true" signature="destroy()[pri:0, instance:companyName.tests.ErrorValidationTest@4d0d9fe7]" started-at="2026-08-08T10:59:09 IST" name="destroy" finished-at="2026-08-08T10:59:10 IST" duration-ms="482" status="PASS">
          <reporter-output>
          </reporter-output>
        </test-method> <!-- destroy -->
      </class> <!-- companyName.tests.ErrorValidationTest -->
    </test> <!-- Error Validation Test -->
  </suite> <!-- Suite -->
</testng-results>
