<?xml version="1.0" encoding="UTF-8"?>
<testsuite xmlns:xsi="http://www.w3.org/2001/XMLSchema-instance" xsi:noNamespaceSchemaLocation="https://maven.apache.org/surefire/maven-surefire-plugin/xsd/surefire-test-report.xsd" version="3.0.1" name="TestSuite" time="17.835" tests="2" errors="0" skipped="0" failures="0">
  <properties>
[...]
</properties>
  <testcase name="loginErrorValidation" classname="companyName.tests.ErrorValidationTest" time="0.616">
    <system-out><![CDATA[Test passed successfully: loginErrorValidation
]]></system-out>
    <system-err><![CDATA[SLF4J(W): No SLF4J providers were found.
SLF4J(W): Defaulting to no-operation (NOP) logger implementation
SLF4J(W): See https://www.slf4j.org/codes.html#noProviders for further details.
Aug 08, 2026 10:59:00 AM org.openqa.selenium.devtools.CdpVersionFinder findNearestMatch
WARNING: Unable to find an exact match for CDP version 151, returning the closest version; found: 149; Please update to a Selenium version that supports CDP version 151
]]></system-err>
  </testcase>
  <testcase name="productCartErrorValidation" classname="companyName.tests.ErrorValidationTest" time="2.316">
    <system-out><![CDATA[Product with name ADIDAS ORIGINAL added to Cart
Test passed successfully: productCartErrorValidation
]]></system-out>
    <system-err><![CDATA[Aug 08, 2026 10:59:04 AM org.openqa.selenium.devtools.CdpVersionFinder findNearestMatch
WARNING: Unable to find an exact match for CDP version 151, returning the closest version; found: 149; Please update to a Selenium version that supports CDP version 151
]]></system-err>
  </testcase>
</testsuite>