<?xml version="1.0" encoding="UTF-8"?>
<testng-results retried="1" ignored="0" total="3" passed="2" failed="0" skipped="0">
  <reporter-output>
  </reporter-output>
  <suite started-at="2026-08-08T11:07:39 IST" name="Suite" finished-at="2026-08-08T11:08:05 IST" duration-ms="26394">
    <groups>
      <group name="Error Handling">
        <method signature="ErrorValidationTest.loginErrorValidation()[pri:0, instance:companyName.tests.ErrorValidationTest@6eb2384f]" name="loginErrorValidation" class="companyName.tests.ErrorValidationTest"/>
      </group> <!-- Error Handling -->
    </groups>
    <test started-at="2026-08-08T11:07:39 IST" name="Error Validation Test" finished-at="2026-08-08T11:08:05 IST" duration-ms="26394">
      <class name="companyName.tests.ErrorValidationTest">
        <test-method is-config="true" signature="launchApplication()[pri:0, instance:companyName.tests.ErrorValidationTest@6eb2384f]" started-at="2026-08-08T11:07:39 IST" name="launchApplication" finished-at="2026-08-08T11:07:48 IST" duration-ms="8834" status="PASS">
          <reporter-output>
          </reporter-output>
        </test-method> <!-- launchApplication -->
        <test-method retried="true" signature="loginErrorValidation()[pri:0, instance:companyName.tests.ErrorValidationTest@6eb2384f]" started-at="2026-08-08T11:07:48 IST" name="loginErrorValidation" finished-at="2026-08-08T11:07:48 IST" duration-ms="577" status="SKIP">
          <exception class="java.lang.AssertionError">
            <message>
              <![CDATA[expected [Incorrect email or password.] but found []]]>
            </message>
            <full-stacktrace>
              <![CDATA[java.lang.AssertionError: expected [Incorrect email or password.] but found []
at org.testng.Assert.fail(Assert.java:111)
at org.testng.Assert.failNotEquals(Assert.java:1590)
at org.testng.Assert.assertEqualsImpl(Assert.java:150)
at org.testng.Assert.assertEquals(Assert.java:132)
at org.testng.Assert.assertEquals(Assert.java:656)
at org.testng.Assert.assertEquals(Assert.java:666)
at companyName.tests.ErrorValidationTest.loginErrorValidation(ErrorValidationTest.java:20)
at java.base/jdk.internal.reflect.NativeMethodAccessorImpl.invoke0(Native Method)
at java.base/jdk.internal.reflect.NativeMethodAccessorImpl.invoke(NativeMethodAccessorImpl.java:77)
at java.base/jdk.internal.reflect.DelegatingMethodAccessorImpl.invoke(DelegatingMethodAccessorImpl.java:43)
at java.base/java.lang.reflect.Method.invoke(Method.java:568)
at org.testng.internal.invokers.MethodInvocationHelper.invokeMethod(MethodInvocationHelper.java:141)
at org.testng.internal.invokers.TestInvoker.invokeMethod(TestInvoker.java:697)
at org.testng.internal.invokers.TestInvoker.invokeTestMethod(TestInvoker.java:230)
at org.testng.internal.invokers.MethodRunner.runInSequence(MethodRunner.java:63)
at org.testng.internal.invokers.TestInvoker$MethodInvocationAgent.invoke(TestInvoker.java:1005)
at org.testng.internal.invokers.TestInvoker.invokeTestMethods(TestInvoker.java:203)
at org.testng.internal.invokers.TestMethodWorker.invokeTestMethods(TestMethodWorker.java:154)
at org.testng.internal.invokers.TestMethodWorker.run(TestMethodWorker.java:134)
at java.base/java.util.ArrayList.forEach(ArrayList.java:1511)
at org.testng.TestRunner.privateRun(TestRunner.java:744)
at org.testng.TestRunner.run(TestRunner.java:616)
at org.testng.SuiteRunner.runTest(SuiteRunner.java:421)
at org.testng.SuiteRunner$SuiteWorker.run(SuiteRunner.java:463)
at org.testng.internal.thread.ThreadUtil.lambda$execute$0(ThreadUtil.java:64)
at java.base/java.util.concurrent.FutureTask.run(FutureTask.java:264)
at java.base/java.util.concurrent.ThreadPoolExecutor.runWorker(ThreadPoolExecutor.java:1136)
at java.base/java.util.concurrent.ThreadPoolExecutor$Worker.run(ThreadPoolExecutor.java:635)
at java.base/java.lang.Thread.run(Thread.java:833)
]]>
            </full-stacktrace>
          </exception> <!-- java.lang.AssertionError -->
          <reporter-output>
          </reporter-output>
        </test-method> <!-- loginErrorValidation -->
        <test-method is-config="true" signature="destroy()[pri:0, instance:companyName.tests.ErrorValidationTest@6eb2384f]" started-at="2026-08-08T11:07:48 IST" name="destroy" finished-at="2026-08-08T11:07:49 IST" duration-ms="263" status="PASS">
          <reporter-output>
          </reporter-output>
        </test-method> <!-- destroy -->
        <test-method is-config="true" signature="launchApplication()[pri:0, instance:companyName.tests.ErrorValidationTest@6eb2384f]" started-at="2026-08-08T11:07:49 IST" name="launchApplication" finished-at="2026-08-08T11:07:54 IST" duration-ms="5287" status="PASS">
          <reporter-output>
          </reporter-output>
        </test-method> <!-- launchApplication -->
        <test-method signature="loginErrorValidation()[pri:0, instance:companyName.tests.ErrorValidationTest@6eb2384f]" started-at="2026-08-08T11:07:54 IST" name="loginErrorValidation" finished-at="2026-08-08T11:07:54 IST" duration-ms="546" status="PASS">
          <reporter-output>
          </reporter-output>
        </test-method> <!-- loginErrorValidation -->
        <test-method is-config="true" signature="destroy()[pri:0, instance:companyName.tests.ErrorValidationTest@6eb2384f]" started-at="2026-08-08T11:07:54 IST" name="destroy" finished-at="2026-08-08T11:07:55 IST" duration-ms="285" status="PASS">
          <reporter-output>
          </reporter-output>
        </test-method> <!-- destroy -->
        <test-method is-config="true" signature="launchApplication()[pri:0, instance:companyName.tests.ErrorValidationTest@6eb2384f]" started-at="2026-08-08T11:07:55 IST" name="launchApplication" finished-at="2026-08-08T11:08:02 IST" duration-ms="7536" status="PASS">
          <reporter-output>
          </reporter-output>
        </test-method> <!-- launchApplication -->
        <test-method signature="productCartErrorValidation()[pri:0, instance:companyName.tests.ErrorValidationTest@6eb2384f]" started-at="2026-08-08T11:08:02 IST" name="productCartErrorValidation" finished-at="2026-08-08T11:08:05 IST" duration-ms="2754" status="PASS">
          <reporter-output>
          </reporter-output>
        </test-method> <!-- productCartErrorValidation -->
        <test-method is-config="true" signature="destroy()[pri:0, instance:companyName.tests.ErrorValidationTest@6eb2384f]" started-at="2026-08-08T11:08:05 IST" name="destroy" finished-at="2026-08-08T11:08:05 IST" duration-ms="225" status="PASS">
          <reporter-output>
          </reporter-output>
        </test-method> <!-- destroy -->
      </class> <!-- companyName.tests.ErrorValidationTest -->
    </test> <!-- Error Validation Test -->
  </suite> <!-- Suite -->
</testng-results>
