<?xml version="1.0" encoding="UTF-8"?>
<testng-results ignored="0" total="2" passed="2" failed="0" skipped="0">
  <reporter-output>
  </reporter-output>
  <suite started-at="2026-08-08T15:19:26 IST" name="Suite" finished-at="2026-08-08T15:19:49 IST" duration-ms="22034">
    <groups>
      <group name="Error Handling">
        <method signature="ErrorValidationTest.loginErrorValidation()[pri:0, instance:companyName.tests.ErrorValidationTest@6eb2384f]" name="loginErrorValidation" class="companyName.tests.ErrorValidationTest"/>
      </group> <!-- Error Handling -->
    </groups>
    <test started-at="2026-08-08T15:19:26 IST" name="Error Validation Test" finished-at="2026-08-08T15:19:49 IST" duration-ms="22034">
      <class name="companyName.tests.ErrorValidationTest">
        <test-method is-config="true" signature="launchApplication()[pri:0, instance:companyName.tests.ErrorValidationTest@6eb2384f]" started-at="2026-08-08T15:19:27 IST" name="launchApplication" finished-at="2026-08-08T15:19:35 IST" duration-ms="8502" status="PASS">
          <reporter-output>
          </reporter-output>
        </test-method> <!-- launchApplication -->
        <test-method signature="loginErrorValidation()[pri:0, instance:companyName.tests.ErrorValidationTest@6eb2384f]" started-at="2026-08-08T15:19:35 IST" name="loginErrorValidation" finished-at="2026-08-08T15:19:36 IST" duration-ms="701" status="PASS">
          <reporter-output>
          </reporter-output>
        </test-method> <!-- loginErrorValidation -->
        <test-method is-config="true" signature="destroy()[pri:0, instance:companyName.tests.ErrorValidationTest@6eb2384f]" started-at="2026-08-08T15:19:36 IST" name="destroy" finished-at="2026-08-08T15:19:36 IST" duration-ms="195" status="PASS">
          <reporter-output>
          </reporter-output>
        </test-method> <!-- destroy -->
        <test-method is-config="true" signature="launchApplication()[pri:0, instance:companyName.tests.ErrorValidationTest@6eb2384f]" started-at="2026-08-08T15:19:36 IST" name="launchApplication" finished-at="2026-08-08T15:19:38 IST" duration-ms="2112" status="PASS">
          <reporter-output>
          </reporter-output>
        </test-method> <!-- launchApplication -->
        <test-method signature="productCartErrorValidation()[pri:0, instance:companyName.tests.ErrorValidationTest@6eb2384f]" started-at="2026-08-08T15:19:38 IST" name="productCartErrorValidation" finished-at="2026-08-08T15:19:48 IST" duration-ms="10244" status="PASS">
          <reporter-output>
          </reporter-output>
        </test-method> <!-- productCartErrorValidation -->
        <test-method is-config="true" signature="destroy()[pri:0, instance:companyName.tests.ErrorValidationTest@6eb2384f]" started-at="2026-08-08T15:19:48 IST" name="destroy" finished-at="2026-08-08T15:19:49 IST" duration-ms="218" status="PASS">
          <reporter-output>
          </reporter-output>
        </test-method> <!-- destroy -->
      </class> <!-- companyName.tests.ErrorValidationTest -->
    </test> <!-- Error Validation Test -->
  </suite> <!-- Suite -->
</testng-results>
