<?xml version="1.0" encoding="UTF-8"?>
<!-- Generated by org.testng.reporters.JUnitReportReporter -->
<testsuite hostname="Hafsa" failures="0" tests="2" name="companyName.tests.ErrorValidationTest" time="21.972" errors="0" timestamp="2026-08-08T15:19:49 IST" skipped="0">
  <testcase classname="companyName.tests.ErrorValidationTest" name="loginErrorValidation" time="3.008"/>
  <testcase classname="companyName.tests.ErrorValidationTest" name="productCartErrorValidation" time="18.964"/>
</testsuite> <!-- companyName.tests.ErrorValidationTest -->
