<?xml version="1.0" encoding="UTF-8"?>
<!-- Generated by org.testng.reporters.JUnitReportReporter -->
<testsuite hostname="Hafsa" failures="0" tests="3" name="companyName.tests.ErrorValidationTest" time="26.307" errors="0" timestamp="2026-08-08T11:08:06 IST" skipped="1">
  <testcase classname="companyName.tests.ErrorValidationTest" name="loginErrorValidation" time="8.345"/>
  <testcase classname="companyName.tests.ErrorValidationTest" name="productCartErrorValidation" time="8.326"/>
  <testcase classname="companyName.tests.ErrorValidationTest" name="loginErrorValidation" time="9.636">
    <skipped/>
  </testcase> <!-- loginErrorValidation -->
</testsuite> <!-- companyName.tests.ErrorValidationTest -->
