<?xml version="1.0" encoding="UTF-8"?>
<!-- Generated by org.testng.reporters.JUnitReportReporter -->
<testsuite hostname="Hafsa" failures="0" tests="4" name="companyName.tests.SubmitOrderTest" time="58.906" errors="0" timestamp="2026-08-08T10:45:27 IST" skipped="0">
  <testcase classname="companyName.tests.SubmitOrderTest" name="SubmitOrder" time="37.009"/>
  <testcase classname="companyName.tests.SubmitOrderTest" name="SubmitOrder" time="9.972"/>
  <testcase classname="companyName.tests.SubmitOrderTest" name="orderHistoryValidation" time="6.242"/>
  <testcase classname="companyName.tests.SubmitOrderTest" name="orderHistoryValidation" time="5.683"/>
</testsuite> <!-- companyName.tests.SubmitOrderTest -->
