<?xml version="1.0" encoding="UTF-8"?>
<!-- Generated by org.testng.reporters.JUnitReportReporter -->
<testsuite hostname="Hafsa" failures="0" tests="2" name="companyName.tests.ErrorValidationTest" time="14.416" errors="0" timestamp="2026-08-08T10:59:11 IST" skipped="0">
  <testcase classname="companyName.tests.ErrorValidationTest" name="productCartErrorValidation" time="9.469"/>
  <testcase classname="companyName.tests.ErrorValidationTest" name="loginErrorValidation" time="4.947"/>
</testsuite> <!-- companyName.tests.ErrorValidationTest -->
