<?xml version="1.0" encoding="UTF-8"?>
<!-- Generated by org.testng.reporters.JUnitReportReporter -->
<testsuite hostname="Hafsa" failures="0" tests="4" name="companyName.tests.SubmitOrderTest" time="39.064" errors="0" timestamp="2026-08-08T10:57:38 IST" skipped="0">
  <testcase classname="companyName.tests.SubmitOrderTest" name="orderHistoryValidation" time="8.402"/>
  <testcase classname="companyName.tests.SubmitOrderTest" name="orderHistoryValidation" time="7.285"/>
  <testcase classname="companyName.tests.SubmitOrderTest" name="SubmitOrder" time="15.590"/>
  <testcase classname="companyName.tests.SubmitOrderTest" name="SubmitOrder" time="7.787"/>
</testsuite> <!-- companyName.tests.SubmitOrderTest -->
